nohup: ignoring input

> nextjs-app@0.1.0 dev
> next dev --turbopack --port 3000

   тЦ▓ Next.js 15.2.2 (Turbopack)
   - Local:        http://localhost:3000
   - Network:      http://172.31.18.76:3000

 тЬУ Starting...
 тЬУ Ready in 1700ms
 тЧЛ Compiling / ...
 тЬУ Compiled / in 6.7s
 GET / 200 in 7417ms
 GET / 200 in 213ms
 тЧЛ Compiling /favicon.ico ...
 тЬУ Compiled /favicon.ico in 1405ms
 GET /favicon.ico?favicon.45db1c09.ico 200 in 1545ms
 тип ./app/page.tsx:3:1
Module not found: Can't resolve '@/components/ui/button'
[0m [90m 1 |[39m [36mimport[39m [33mLink[39m [36mfrom[39m [32m"next/link"[39m[0m
[0m [90m 2 |[39m [36mimport[39m { [33mArrowRight[39m } [36mfrom[39m [32m'lucide-react'[39m[0m
[0m[31m[1m>[22m[39m[90m 3 |[39m [36mimport[39m { [33mButton[39m } [36mfrom[39m [32m"@/components/ui/button"[39m[0m
[0m [90m   |[39m [31m[1m^[22m[39m[31m[1m^[22m[39m[31m[1m^[22m[39m[31m[1m^[22m[39m[31m[1m^[22m[39m[31m[1m^[22m[39m[31m[1m^[22m[39m[31m[1m^[22m[39m[31m[1m^[22m[39m[31m[1m^[22m[39m[31m[1m^[22m[39m[31m[1m^[22m[39m[31m[1m^[22m[39m[31m[1m^[22m[39m[31m[1m^[22m[39m[31m[1m^[22m[39m[31m[1m^[22m[39m[31m[1m^[22m[39m[31m[1m^[22m[39m[31m[1m^[22m[39m[31m[1m^[22m[39m[31m[1m^[22m[39m[31m[1m^[22m[39m[31m[1m^[22m[39m[31m[1m^[22m[39m[31m[1m^[22m[39m[31m[1m^[22m[39m[31m[1m^[22m[39m[31m[1m^[22m[39m[31m[1m^[22m[39m[31m[1m^[22m[39m[31m[1m^[22m[39m[31m[1m^[22m[39m[31m[1m^[22m[39m[31m[1m^[22m[39m[31m[1m^[22m[39m[31m[1m^[22m[39m[31m[1m^[22m[39m[31m[1m^[22m[39m[31m[1m^[22m[39m[31m[1m^[22m[39m[31m[1m^[22m[39m[31m[1m^[22m[39m[31m[1m^[22m[39m[31m[1m^[22m[39m[31m[1m^[22m[39m[31m[1m^[22m[39m[0m
[0m [90m 4 |[39m[0m
[0m [90m 5 |[39m [36mexport[39m [36mdefault[39m [36mfunction[39m [33mHome[39m() {[0m
[0m [90m 6 |[39m [36mreturn[39m ([0m

Import map: aliased to relative './components/ui/button' inside of [project]/


https://nextjs.org/docs/messages/module-not-found


 тип ./app/page.tsx:3:1
Module not found: Can't resolve '@/components/ui/button'
[0m [90m 1 |[39m [36mimport[39m [33mLink[39m [36mfrom[39m [32m"next/link"[39m[0m
[0m [90m 2 |[39m [36mimport[39m { [33mArrowRight[39m } [36mfrom[39m [32m'lucide-react'[39m[0m
[0m[31m[1m>[22m[39m[90m 3 |[39m [36mimport[39m { [33mButton[39m } [36mfrom[39m [32m"@/components/ui/button"[39m[0m
[0m [90m   |[39m [31m[1m^[22m[39m[31m[1m^[22m[39m[31m[1m^[22m[39m[31m[1m^[22m[39m[31m[1m^[22m[39m[31m[1m^[22m[39m[31m[1m^[22m[39m[31m[1m^[22m[39m[31m[1m^[22m[39m[31m[1m^[22m[39m[31m[1m^[22m[39m[31m[1m^[22m[39m[31m[1m^[22m[39m[31m[1m^[22m[39m[31m[1m^[22m[39m[31m[1m^[22m[39m[31m[1m^[22m[39m[31m[1m^[22m[39m[31m[1m^[22m[39m[31m[1m^[22m[39m[31m[1m^[22m[39m[31m[1m^[22m[39m[31m[1m^[22m[39m[31m[1m^[22m[39m[31m[1m^[22m[39m[31m[1m^[22m[39m[31m[1m^[22m[39m[31m[1m^[22m[39m[31m[1m^[22m[39m[31m[1m^[22m[39m[31m[1m^[22m[39m[31m[1m^[22m[39m[31m[1m^[22m[39m[31m[1m^[22m[39m[31m[1m^[22m[39m[31m[1m^[22m[39m[31m[1m^[22m[39m[31m[1m^[22m[39m[31m[1m^[22m[39m[31m[1m^[22m[39m[31m[1m^[22m[39m[31m[1m^[22m[39m[31m[1m^[22m[39m[31m[1m^[22m[39m[31m[1m^[22m[39m[31m[1m^[22m[39m[31m[1m^[22m[39m[0m
[0m [90m 4 |[39m[0m
[0m [90m 5 |[39m [36mexport[39m [36mdefault[39m [36mfunction[39m [33mHome[39m() {[0m
[0m [90m 6 |[39m [36mreturn[39m ([0m

Import map: aliased to relative './components/ui/button' inside of [project]/


https://nextjs.org/docs/messages/module-not-found


 тип ./app/page.tsx:2:1
Module not found: Can't resolve 'lucide-react'
[0m [90m 1 |[39m [36mimport[39m [33mLink[39m [36mfrom[39m [32m"next/link"[39m[0m
[0m[31m[1m>[22m[39m[90m 2 |[39m [36mimport[39m { [33mArrowRight[39m } [36mfrom[39m [32m'lucide-react'[39m[0m
[0m [90m   |[39m [31m[1m^[22m[39m[31m[1m^[22m[39m[31m[1m^[22m[39m[31m[1m^[22m[39m[31m[1m^[22m[39m[31m[1m^[22m[39m[31m[1m^[22m[39m[31m[1m^[22m[39m[31m[1m^[22m[39m[31m[1m^[22m[39m[31m[1m^[22m[39m[31m[1m^[22m[39m[31m[1m^[22m[39m[31m[1m^[22m[39m[31m[1m^[22m[39m[31m[1m^[22m[39m[31m[1m^[22m[39m[31m[1m^[22m[39m[31m[1m^[22m[39m[31m[1m^[22m[39m[31m[1m^[22m[39m[31m[1m^[22m[39m[31m[1m^[22m[39m[31m[1m^[22m[39m[31m[1m^[22m[39m[31m[1m^[22m[39m[31m[1m^[22m[39m[31m[1m^[22m[39m[31m[1m^[22m[39m[31m[1m^[22m[39m[31m[1m^[22m[39m[31m[1m^[22m[39m[31m[1m^[22m[39m[31m[1m^[22m[39m[31m[1m^[22m[39m[31m[1m^[22m[39m[31m[1m^[22m[39m[31m[1m^[22m[39m[31m[1m^[22m[39m[31m[1m^[22m[39m[31m[1m^[22m[39m[0m
[0m [90m 3 |[39m [36mimport[39m { [33mButton[39m } [36mfrom[39m [32m"@/components/ui/button"[39m[0m
[0m [90m 4 |[39m[0m
[0m [90m 5 |[39m [36mexport[39m [36mdefault[39m [36mfunction[39m [33mHome[39m() {[0m



https://nextjs.org/docs/messages/module-not-found


 тип ./app/page.tsx:2:1
Module not found: Can't resolve 'lucide-react'
[0m [90m 1 |[39m [36mimport[39m [33mLink[39m [36mfrom[39m [32m"next/link"[39m[0m
[0m[31m[1m>[22m[39m[90m 2 |[39m [36mimport[39m { [33mArrowRight[39m } [36mfrom[39m [32m'lucide-react'[39m[0m
[0m [90m   |[39m [31m[1m^[22m[39m[31m[1m^[22m[39m[31m[1m^[22m[39m[31m[1m^[22m[39m[31m[1m^[22m[39m[31m[1m^[22m[39m[31m[1m^[22m[39m[31m[1m^[22m[39m[31m[1m^[22m[39m[31m[1m^[22m[39m[31m[1m^[22m[39m[31m[1m^[22m[39m[31m[1m^[22m[39m[31m[1m^[22m[39m[31m[1m^[22m[39m[31m[1m^[22m[39m[31m[1m^[22m[39m[31m[1m^[22m[39m[31m[1m^[22m[39m[31m[1m^[22m[39m[31m[1m^[22m[39m[31m[1m^[22m[39m[31m[1m^[22m[39m[31m[1m^[22m[39m[31m[1m^[22m[39m[31m[1m^[22m[39m[31m[1m^[22m[39m[31m[1m^[22m[39m[31m[1m^[22m[39m[31m[1m^[22m[39m[31m[1m^[22m[39m[31m[1m^[22m[39m[31m[1m^[22m[39m[31m[1m^[22m[39m[31m[1m^[22m[39m[31m[1m^[22m[39m[31m[1m^[22m[39m[31m[1m^[22m[39m[31m[1m^[22m[39m[31m[1m^[22m[39m[31m[1m^[22m[39m[0m
[0m [90m 3 |[39m [36mimport[39m { [33mButton[39m } [36mfrom[39m [32m"@/components/ui/button"[39m[0m
[0m [90m 4 |[39m[0m
[0m [90m 5 |[39m [36mexport[39m [36mdefault[39m [36mfunction[39m [33mHome[39m() {[0m



https://nextjs.org/docs/messages/module-not-found


 тип ./tailwind.config.js:76:11
Module not found: Can't resolve 'tailwindcss-animate'
[0m [90m 74 |[39m   }[33m,[39m[0m
[0m [90m 75 |[39m }[33m,[39m[0m
[0m[31m[1m>[22m[39m[90m 76 |[39m plugins[33m:[39m [require([32m"tailwindcss-animate"[39m)][33m,[39m[0m
[0m [90m    |[39m           [31m[1m^[22m[39m[31m[1m^[22m[39m[31m[1m^[22m[39m[31m[1m^[22m[39m[31m[1m^[22m[39m[31m[1m^[22m[39m[31m[1m^[22m[39m[31m[1m^[22m[39m[31m[1m^[22m[39m[31m[1m^[22m[39m[31m[1m^[22m[39m[31m[1m^[22m[39m[31m[1m^[22m[39m[31m[1m^[22m[39m[31m[1m^[22m[39m[31m[1m^[22m[39m[31m[1m^[22m[39m[31m[1m^[22m[39m[31m[1m^[22m[39m[31m[1m^[22m[39m[31m[1m^[22m[39m[31m[1m^[22m[39m[31m[1m^[22m[39m[31m[1m^[22m[39m[31m[1m^[22m[39m[31m[1m^[22m[39m[31m[1m^[22m[39m[31m[1m^[22m[39m[31m[1m^[22m[39m[31m[1m^[22m[39m[0m
[0m [90m 77 |[39m }[0m
[0m [90m 78 |[39m[0m



https://nextjs.org/docs/messages/module-not-found


 тип ./app/page.tsx:3:1
Module not found: Can't resolve '@/components/ui/button'
[0m [90m 1 |[39m [36mimport[39m [33mLink[39m [36mfrom[39m [32m"next/link"[39m[0m
[0m [90m 2 |[39m [36mimport[39m { [33mArrowRight[39m } [36mfrom[39m [32m'lucide-react'[39m[0m
[0m[31m[1m>[22m[39m[90m 3 |[39m [36mimport[39m { [33mButton[39m } [36mfrom[39m [32m"@/components/ui/button"[39m[0m
[0m [90m   |[39m [31m[1m^[22m[39m[31m[1m^[22m[39m[31m[1m^[22m[39m[31m[1m^[22m[39m[31m[1m^[22m[39m[31m[1m^[22m[39m[31m[1m^[22m[39m[31m[1m^[22m[39m[31m[1m^[22m[39m[31m[1m^[22m[39m[31m[1m^[22m[39m[31m[1m^[22m[39m[31m[1m^[22m[39m[31m[1m^[22m[39m[31m[1m^[22m[39m[31m[1m^[22m[39m[31m[1m^[22m[39m[31m[1m^[22m[39m[31m[1m^[22m[39m[31m[1m^[22m[39m[31m[1m^[22m[39m[31m[1m^[22m[39m[31m[1m^[22m[39m[31m[1m^[22m[39m[31m[1m^[22m[39m[31m[1m^[22m[39m[31m[1m^[22m[39m[31m[1m^[22m[39m[31m[1m^[22m[39m[31m[1m^[22m[39m[31m[1m^[22m[39m[31m[1m^[22m[39m[31m[1m^[22m[39m[31m[1m^[22m[39m[31m[1m^[22m[39m[31m[1m^[22m[39m[31m[1m^[22m[39m[31m[1m^[22m[39m[31m[1m^[22m[39m[31m[1m^[22m[39m[31m[1m^[22m[39m[31m[1m^[22m[39m[31m[1m^[22m[39m[31m[1m^[22m[39m[31m[1m^[22m[39m[31m[1m^[22m[39m[31m[1m^[22m[39m[0m
[0m [90m 4 |[39m[0m
[0m [90m 5 |[39m [36mexport[39m [36mdefault[39m [36mfunction[39m [33mHome[39m() {[0m
[0m [90m 6 |[39m [36mreturn[39m ([0m

Import map: aliased to relative './components/ui/button' inside of [project]/


https://nextjs.org/docs/messages/module-not-found


 тип ./app/page.tsx:3:1
Module not found: Can't resolve '@/components/ui/button'
[0m [90m 1 |[39m [36mimport[39m [33mLink[39m [36mfrom[39m [32m"next/link"[39m[0m
[0m [90m 2 |[39m [36mimport[39m { [33mArrowRight[39m } [36mfrom[39m [32m'lucide-react'[39m[0m
[0m[31m[1m>[22m[39m[90m 3 |[39m [36mimport[39m { [33mButton[39m } [36mfrom[39m [32m"@/components/ui/button"[39m[0m
[0m [90m   |[39m [31m[1m^[22m[39m[31m[1m^[22m[39m[31m[1m^[22m[39m[31m[1m^[22m[39m[31m[1m^[22m[39m[31m[1m^[22m[39m[31m[1m^[22m[39m[31m[1m^[22m[39m[31m[1m^[22m[39m[31m[1m^[22m[39m[31m[1m^[22m[39m[31m[1m^[22m[39m[31m[1m^[22m[39m[31m[1m^[22m[39m[31m[1m^[22m[39m[31m[1m^[22m[39m[31m[1m^[22m[39m[31m[1m^[22m[39m[31m[1m^[22m[39m[31m[1m^[22m[39m[31m[1m^[22m[39m[31m[1m^[22m[39m[31m[1m^[22m[39m[31m[1m^[22m[39m[31m[1m^[22m[39m[31m[1m^[22m[39m[31m[1m^[22m[39m[31m[1m^[22m[39m[31m[1m^[22m[39m[31m[1m^[22m[39m[31m[1m^[22m[39m[31m[1m^[22m[39m[31m[1m^[22m[39m[31m[1m^[22m[39m[31m[1m^[22m[39m[31m[1m^[22m[39m[31m[1m^[22m[39m[31m[1m^[22m[39m[31m[1m^[22m[39m[31m[1m^[22m[39m[31m[1m^[22m[39m[31m[1m^[22m[39m[31m[1m^[22m[39m[31m[1m^[22m[39m[31m[1m^[22m[39m[31m[1m^[22m[39m[31m[1m^[22m[39m[0m
[0m [90m 4 |[39m[0m
[0m [90m 5 |[39m [36mexport[39m [36mdefault[39m [36mfunction[39m [33mHome[39m() {[0m
[0m [90m 6 |[39m [36mreturn[39m ([0m

Import map: aliased to relative './components/ui/button' inside of [project]/


https://nextjs.org/docs/messages/module-not-found


 тип ./app/page.tsx:2:1
Module not found: Can't resolve 'lucide-react'
[0m [90m 1 |[39m [36mimport[39m [33mLink[39m [36mfrom[39m [32m"next/link"[39m[0m
[0m[31m[1m>[22m[39m[90m 2 |[39m [36mimport[39m { [33mArrowRight[39m } [36mfrom[39m [32m'lucide-react'[39m[0m
[0m [90m   |[39m [31m[1m^[22m[39m[31m[1m^[22m[39m[31m[1m^[22m[39m[31m[1m^[22m[39m[31m[1m^[22m[39m[31m[1m^[22m[39m[31m[1m^[22m[39m[31m[1m^[22m[39m[31m[1m^[22m[39m[31m[1m^[22m[39m[31m[1m^[22m[39m[31m[1m^[22m[39m[31m[1m^[22m[39m[31m[1m^[22m[39m[31m[1m^[22m[39m[31m[1m^[22m[39m[31m[1m^[22m[39m[31m[1m^[22m[39m[31m[1m^[22m[39m[31m[1m^[22m[39m[31m[1m^[22m[39m[31m[1m^[22m[39m[31m[1m^[22m[39m[31m[1m^[22m[39m[31m[1m^[22m[39m[31m[1m^[22m[39m[31m[1m^[22m[39m[31m[1m^[22m[39m[31m[1m^[22m[39m[31m[1m^[22m[39m[31m[1m^[22m[39m[31m[1m^[22m[39m[31m[1m^[22m[39m[31m[1m^[22m[39m[31m[1m^[22m[39m[31m[1m^[22m[39m[31m[1m^[22m[39m[31m[1m^[22m[39m[31m[1m^[22m[39m[31m[1m^[22m[39m[31m[1m^[22m[39m[0m
[0m [90m 3 |[39m [36mimport[39m { [33mButton[39m } [36mfrom[39m [32m"@/components/ui/button"[39m[0m
[0m [90m 4 |[39m[0m
[0m [90m 5 |[39m [36mexport[39m [36mdefault[39m [36mfunction[39m [33mHome[39m() {[0m



https://nextjs.org/docs/messages/module-not-found


 тип ./app/page.tsx:2:1
Module not found: Can't resolve 'lucide-react'
[0m [90m 1 |[39m [36mimport[39m [33mLink[39m [36mfrom[39m [32m"next/link"[39m[0m
[0m[31m[1m>[22m[39m[90m 2 |[39m [36mimport[39m { [33mArrowRight[39m } [36mfrom[39m [32m'lucide-react'[39m[0m
[0m [90m   |[39m [31m[1m^[22m[39m[31m[1m^[22m[39m[31m[1m^[22m[39m[31m[1m^[22m[39m[31m[1m^[22m[39m[31m[1m^[22m[39m[31m[1m^[22m[39m[31m[1m^[22m[39m[31m[1m^[22m[39m[31m[1m^[22m[39m[31m[1m^[22m[39m[31m[1m^[22m[39m[31m[1m^[22m[39m[31m[1m^[22m[39m[31m[1m^[22m[39m[31m[1m^[22m[39m[31m[1m^[22m[39m[31m[1m^[22m[39m[31m[1m^[22m[39m[31m[1m^[22m[39m[31m[1m^[22m[39m[31m[1m^[22m[39m[31m[1m^[22m[39m[31m[1m^[22m[39m[31m[1m^[22m[39m[31m[1m^[22m[39m[31m[1m^[22m[39m[31m[1m^[22m[39m[31m[1m^[22m[39m[31m[1m^[22m[39m[31m[1m^[22m[39m[31m[1m^[22m[39m[31m[1m^[22m[39m[31m[1m^[22m[39m[31m[1m^[22m[39m[31m[1m^[22m[39m[31m[1m^[22m[39m[31m[1m^[22m[39m[31m[1m^[22m[39m[31m[1m^[22m[39m[31m[1m^[22m[39m[0m
[0m [90m 3 |[39m [36mimport[39m { [33mButton[39m } [36mfrom[39m [32m"@/components/ui/button"[39m[0m
[0m [90m 4 |[39m[0m
[0m [90m 5 |[39m [36mexport[39m [36mdefault[39m [36mfunction[39m [33mHome[39m() {[0m



https://nextjs.org/docs/messages/module-not-found


 тип ./tailwind.config.js:76:11
Module not found: Can't resolve 'tailwindcss-animate'
[0m [90m 74 |[39m   }[33m,[39m[0m
[0m [90m 75 |[39m }[33m,[39m[0m
[0m[31m[1m>[22m[39m[90m 76 |[39m plugins[33m:[39m [require([32m"tailwindcss-animate"[39m)][33m,[39m[0m
[0m [90m    |[39m           [31m[1m^[22m[39m[31m[1m^[22m[39m[31m[1m^[22m[39m[31m[1m^[22m[39m[31m[1m^[22m[39m[31m[1m^[22m[39m[31m[1m^[22m[39m[31m[1m^[22m[39m[31m[1m^[22m[39m[31m[1m^[22m[39m[31m[1m^[22m[39m[31m[1m^[22m[39m[31m[1m^[22m[39m[31m[1m^[22m[39m[31m[1m^[22m[39m[31m[1m^[22m[39m[31m[1m^[22m[39m[31m[1m^[22m[39m[31m[1m^[22m[39m[31m[1m^[22m[39m[31m[1m^[22m[39m[31m[1m^[22m[39m[31m[1m^[22m[39m[31m[1m^[22m[39m[31m[1m^[22m[39m[31m[1m^[22m[39m[31m[1m^[22m[39m[31m[1m^[22m[39m[31m[1m^[22m[39m[31m[1m^[22m[39m[0m
[0m [90m 77 |[39m }[0m
[0m [90m 78 |[39m[0m



https://nextjs.org/docs/messages/module-not-found


 тип ./app/page.tsx:3:1
Module not found: Can't resolve '@/components/ui/button'
[0m [90m 1 |[39m [36mimport[39m [33mLink[39m [36mfrom[39m [32m"next/link"[39m[0m
[0m [90m 2 |[39m [36mimport[39m { [33mArrowRight[39m } [36mfrom[39m [32m'lucide-react'[39m[0m
[0m[31m[1m>[22m[39m[90m 3 |[39m [36mimport[39m { [33mButton[39m } [36mfrom[39m [32m"@/components/ui/button"[39m[0m
[0m [90m   |[39m [31m[1m^[22m[39m[31m[1m^[22m[39m[31m[1m^[22m[39m[31m[1m^[22m[39m[31m[1m^[22m[39m[31m[1m^[22m[39m[31m[1m^[22m[39m[31m[1m^[22m[39m[31m[1m^[22m[39m[31m[1m^[22m[39m[31m[1m^[22m[39m[31m[1m^[22m[39m[31m[1m^[22m[39m[31m[1m^[22m[39m[31m[1m^[22m[39m[31m[1m^[22m[39m[31m[1m^[22m[39m[31m[1m^[22m[39m[31m[1m^[22m[39m[31m[1m^[22m[39m[31m[1m^[22m[39m[31m[1m^[22m[39m[31m[1m^[22m[39m[31m[1m^[22m[39m[31m[1m^[22m[39m[31m[1m^[22m[39m[31m[1m^[22m[39m[31m[1m^[22m[39m[31m[1m^[22m[39m[31m[1m^[22m[39m[31m[1m^[22m[39m[31m[1m^[22m[39m[31m[1m^[22m[39m[31m[1m^[22m[39m[31m[1m^[22m[39m[31m[1m^[22m[39m[31m[1m^[22m[39m[31m[1m^[22m[39m[31m[1m^[22m[39m[31m[1m^[22m[39m[31m[1m^[22m[39m[31m[1m^[22m[39m[31m[1m^[22m[39m[31m[1m^[22m[39m[31m[1m^[22m[39m[31m[1m^[22m[39m[31m[1m^[22m[39m[0m
[0m [90m 4 |[39m[0m
[0m [90m 5 |[39m [36mexport[39m [36mdefault[39m [36mfunction[39m [33mHome[39m() {[0m
[0m [90m 6 |[39m [36mreturn[39m ([0m

Import map: aliased to relative './components/ui/button' inside of [project]/


https://nextjs.org/docs/messages/module-not-found


 тип ./app/page.tsx:3:1
Module not found: Can't resolve '@/components/ui/button'
[0m [90m 1 |[39m [36mimport[39m [33mLink[39m [36mfrom[39m [32m"next/link"[39m[0m
[0m [90m 2 |[39m [36mimport[39m { [33mArrowRight[39m } [36mfrom[39m [32m'lucide-react'[39m[0m
[0m[31m[1m>[22m[39m[90m 3 |[39m [36mimport[39m { [33mButton[39m } [36mfrom[39m [32m"@/components/ui/button"[39m[0m
[0m [90m   |[39m [31m[1m^[22m[39m[31m[1m^[22m[39m[31m[1m^[22m[39m[31m[1m^[22m[39m[31m[1m^[22m[39m[31m[1m^[22m[39m[31m[1m^[22m[39m[31m[1m^[22m[39m[31m[1m^[22m[39m[31m[1m^[22m[39m[31m[1m^[22m[39m[31m[1m^[22m[39m[31m[1m^[22m[39m[31m[1m^[22m[39m[31m[1m^[22m[39m[31m[1m^[22m[39m[31m[1m^[22m[39m[31m[1m^[22m[39m[31m[1m^[22m[39m[31m[1m^[22m[39m[31m[1m^[22m[39m[31m[1m^[22m[39m[31m[1m^[22m[39m[31m[1m^[22m[39m[31m[1m^[22m[39m[31m[1m^[22m[39m[31m[1m^[22m[39m[31m[1m^[22m[39m[31m[1m^[22m[39m[31m[1m^[22m[39m[31m[1m^[22m[39m[31m[1m^[22m[39m[31m[1m^[22m[39m[31m[1m^[22m[39m[31m[1m^[22m[39m[31m[1m^[22m[39m[31m[1m^[22m[39m[31m[1m^[22m[39m[31m[1m^[22m[39m[31m[1m^[22m[39m[31m[1m^[22m[39m[31m[1m^[22m[39m[31m[1m^[22m[39m[31m[1m^[22m[39m[31m[1m^[22m[39m[31m[1m^[22m[39m[31m[1m^[22m[39m[0m
[0m [90m 4 |[39m[0m
[0m [90m 5 |[39m [36mexport[39m [36mdefault[39m [36mfunction[39m [33mHome[39m() {[0m
[0m [90m 6 |[39m [36mreturn[39m ([0m

Import map: aliased to relative './components/ui/button' inside of [project]/


https://nextjs.org/docs/messages/module-not-found


 тип ./app/page.tsx:2:1
Module not found: Can't resolve 'lucide-react'
[0m [90m 1 |[39m [36mimport[39m [33mLink[39m [36mfrom[39m [32m"next/link"[39m[0m
[0m[31m[1m>[22m[39m[90m 2 |[39m [36mimport[39m { [33mArrowRight[39m } [36mfrom[39m [32m'lucide-react'[39m[0m
[0m [90m   |[39m [31m[1m^[22m[39m[31m[1m^[22m[39m[31m[1m^[22m[39m[31m[1m^[22m[39m[31m[1m^[22m[39m[31m[1m^[22m[39m[31m[1m^[22m[39m[31m[1m^[22m[39m[31m[1m^[22m[39m[31m[1m^[22m[39m[31m[1m^[22m[39m[31m[1m^[22m[39m[31m[1m^[22m[39m[31m[1m^[22m[39m[31m[1m^[22m[39m[31m[1m^[22m[39m[31m[1m^[22m[39m[31m[1m^[22m[39m[31m[1m^[22m[39m[31m[1m^[22m[39m[31m[1m^[22m[39m[31m[1m^[22m[39m[31m[1m^[22m[39m[31m[1m^[22m[39m[31m[1m^[22m[39m[31m[1m^[22m[39m[31m[1m^[22m[39m[31m[1m^[22m[39m[31m[1m^[22m[39m[31m[1m^[22m[39m[31m[1m^[22m[39m[31m[1m^[22m[39m[31m[1m^[22m[39m[31m[1m^[22m[39m[31m[1m^[22m[39m[31m[1m^[22m[39m[31m[1m^[22m[39m[31m[1m^[22m[39m[31m[1m^[22m[39m[31m[1m^[22m[39m[31m[1m^[22m[39m[0m
[0m [90m 3 |[39m [36mimport[39m { [33mButton[39m } [36mfrom[39m [32m"@/components/ui/button"[39m[0m
[0m [90m 4 |[39m[0m
[0m [90m 5 |[39m [36mexport[39m [36mdefault[39m [36mfunction[39m [33mHome[39m() {[0m



https://nextjs.org/docs/messages/module-not-found


 тип ./app/page.tsx:2:1
Module not found: Can't resolve 'lucide-react'
[0m [90m 1 |[39m [36mimport[39m [33mLink[39m [36mfrom[39m [32m"next/link"[39m[0m
[0m[31m[1m>[22m[39m[90m 2 |[39m [36mimport[39m { [33mArrowRight[39m } [36mfrom[39m [32m'lucide-react'[39m[0m
[0m [90m   |[39m [31m[1m^[22m[39m[31m[1m^[22m[39m[31m[1m^[22m[39m[31m[1m^[22m[39m[31m[1m^[22m[39m[31m[1m^[22m[39m[31m[1m^[22m[39m[31m[1m^[22m[39m[31m[1m^[22m[39m[31m[1m^[22m[39m[31m[1m^[22m[39m[31m[1m^[22m[39m[31m[1m^[22m[39m[31m[1m^[22m[39m[31m[1m^[22m[39m[31m[1m^[22m[39m[31m[1m^[22m[39m[31m[1m^[22m[39m[31m[1m^[22m[39m[31m[1m^[22m[39m[31m[1m^[22m[39m[31m[1m^[22m[39m[31m[1m^[22m[39m[31m[1m^[22m[39m[31m[1m^[22m[39m[31m[1m^[22m[39m[31m[1m^[22m[39m[31m[1m^[22m[39m[31m[1m^[22m[39m[31m[1m^[22m[39m[31m[1m^[22m[39m[31m[1m^[22m[39m[31m[1m^[22m[39m[31m[1m^[22m[39m[31m[1m^[22m[39m[31m[1m^[22m[39m[31m[1m^[22m[39m[31m[1m^[22m[39m[31m[1m^[22m[39m[31m[1m^[22m[39m[31m[1m^[22m[39m[0m
[0m [90m 3 |[39m [36mimport[39m { [33mButton[39m } [36mfrom[39m [32m"@/components/ui/button"[39m[0m
[0m [90m 4 |[39m[0m
[0m [90m 5 |[39m [36mexport[39m [36mdefault[39m [36mfunction[39m [33mHome[39m() {[0m



https://nextjs.org/docs/messages/module-not-found


 тип ./tailwind.config.js:76:11
Module not found: Can't resolve 'tailwindcss-animate'
[0m [90m 74 |[39m   }[33m,[39m[0m
[0m [90m 75 |[39m }[33m,[39m[0m
[0m[31m[1m>[22m[39m[90m 76 |[39m plugins[33m:[39m [require([32m"tailwindcss-animate"[39m)][33m,[39m[0m
[0m [90m    |[39m           [31m[1m^[22m[39m[31m[1m^[22m[39m[31m[1m^[22m[39m[31m[1m^[22m[39m[31m[1m^[22m[39m[31m[1m^[22m[39m[31m[1m^[22m[39m[31m[1m^[22m[39m[31m[1m^[22m[39m[31m[1m^[22m[39m[31m[1m^[22m[39m[31m[1m^[22m[39m[31m[1m^[22m[39m[31m[1m^[22m[39m[31m[1m^[22m[39m[31m[1m^[22m[39m[31m[1m^[22m[39m[31m[1m^[22m[39m[31m[1m^[22m[39m[31m[1m^[22m[39m[31m[1m^[22m[39m[31m[1m^[22m[39m[31m[1m^[22m[39m[31m[1m^[22m[39m[31m[1m^[22m[39m[31m[1m^[22m[39m[31m[1m^[22m[39m[31m[1m^[22m[39m[31m[1m^[22m[39m[31m[1m^[22m[39m[0m
[0m [90m 77 |[39m }[0m
[0m [90m 78 |[39m[0m



https://nextjs.org/docs/messages/module-not-found


 тип ./app/page.tsx:3:1
Module not found: Can't resolve '@/components/ui/button'
[0m [90m 1 |[39m [36mimport[39m [33mLink[39m [36mfrom[39m [32m"next/link"[39m[0m
[0m [90m 2 |[39m [36mimport[39m { [33mArrowRight[39m } [36mfrom[39m [32m'lucide-react'[39m[0m
[0m[31m[1m>[22m[39m[90m 3 |[39m [36mimport[39m { [33mButton[39m } [36mfrom[39m [32m"@/components/ui/button"[39m[0m
[0m [90m   |[39m [31m[1m^[22m[39m[31m[1m^[22m[39m[31m[1m^[22m[39m[31m[1m^[22m[39m[31m[1m^[22m[39m[31m[1m^[22m[39m[31m[1m^[22m[39m[31m[1m^[22m[39m[31m[1m^[22m[39m[31m[1m^[22m[39m[31m[1m^[22m[39m[31m[1m^[22m[39m[31m[1m^[22m[39m[31m[1m^[22m[39m[31m[1m^[22m[39m[31m[1m^[22m[39m[31m[1m^[22m[39m[31m[1m^[22m[39m[31m[1m^[22m[39m[31m[1m^[22m[39m[31m[1m^[22m[39m[31m[1m^[22m[39m[31m[1m^[22m[39m[31m[1m^[22m[39m[31m[1m^[22m[39m[31m[1m^[22m[39m[31m[1m^[22m[39m[31m[1m^[22m[39m[31m[1m^[22m[39m[31m[1m^[22m[39m[31m[1m^[22m[39m[31m[1m^[22m[39m[31m[1m^[22m[39m[31m[1m^[22m[39m[31m[1m^[22m[39m[31m[1m^[22m[39m[31m[1m^[22m[39m[31m[1m^[22m[39m[31m[1m^[22m[39m[31m[1m^[22m[39m[31m[1m^[22m[39m[31m[1m^[22m[39m[31m[1m^[22m[39m[31m[1m^[22m[39m[31m[1m^[22m[39m[31m[1m^[22m[39m[31m[1m^[22m[39m[0m
[0m [90m 4 |[39m[0m
[0m [90m 5 |[39m [36mexport[39m [36mdefault[39m [36mfunction[39m [33mHome[39m() {[0m
[0m [90m 6 |[39m [36mreturn[39m ([0m

Import map: aliased to relative './components/ui/button' inside of [project]/


https://nextjs.org/docs/messages/module-not-found


 тип ./app/page.tsx:3:1
Module not found: Can't resolve '@/components/ui/button'
[0m [90m 1 |[39m [36mimport[39m [33mLink[39m [36mfrom[39m [32m"next/link"[39m[0m
[0m [90m 2 |[39m [36mimport[39m { [33mArrowRight[39m } [36mfrom[39m [32m'lucide-react'[39m[0m
[0m[31m[1m>[22m[39m[90m 3 |[39m [36mimport[39m { [33mButton[39m } [36mfrom[39m [32m"@/components/ui/button"[39m[0m
[0m [90m   |[39m [31m[1m^[22m[39m[31m[1m^[22m[39m[31m[1m^[22m[39m[31m[1m^[22m[39m[31m[1m^[22m[39m[31m[1m^[22m[39m[31m[1m^[22m[39m[31m[1m^[22m[39m[31m[1m^[22m[39m[31m[1m^[22m[39m[31m[1m^[22m[39m[31m[1m^[22m[39m[31m[1m^[22m[39m[31m[1m^[22m[39m[31m[1m^[22m[39m[31m[1m^[22m[39m[31m[1m^[22m[39m[31m[1m^[22m[39m[31m[1m^[22m[39m[31m[1m^[22m[39m[31m[1m^[22m[39m[31m[1m^[22m[39m[31m[1m^[22m[39m[31m[1m^[22m[39m[31m[1m^[22m[39m[31m[1m^[22m[39m[31m[1m^[22m[39m[31m[1m^[22m[39m[31m[1m^[22m[39m[31m[1m^[22m[39m[31m[1m^[22m[39m[31m[1m^[22m[39m[31m[1m^[22m[39m[31m[1m^[22m[39m[31m[1m^[22m[39m[31m[1m^[22m[39m[31m[1m^[22m[39m[31m[1m^[22m[39m[31m[1m^[22m[39m[31m[1m^[22m[39m[31m[1m^[22m[39m[31m[1m^[22m[39m[31m[1m^[22m[39m[31m[1m^[22m[39m[31m[1m^[22m[39m[31m[1m^[22m[39m[31m[1m^[22m[39m[0m
[0m [90m 4 |[39m[0m
[0m [90m 5 |[39m [36mexport[39m [36mdefault[39m [36mfunction[39m [33mHome[39m() {[0m
[0m [90m 6 |[39m [36mreturn[39m ([0m

Import map: aliased to relative './components/ui/button' inside of [project]/


https://nextjs.org/docs/messages/module-not-found


 тип ./app/page.tsx:2:1
Module not found: Can't resolve 'lucide-react'
[0m [90m 1 |[39m [36mimport[39m [33mLink[39m [36mfrom[39m [32m"next/link"[39m[0m
[0m[31m[1m>[22m[39m[90m 2 |[39m [36mimport[39m { [33mArrowRight[39m } [36mfrom[39m [32m'lucide-react'[39m[0m
[0m [90m   |[39m [31m[1m^[22m[39m[31m[1m^[22m[39m[31m[1m^[22m[39m[31m[1m^[22m[39m[31m[1m^[22m[39m[31m[1m^[22m[39m[31m[1m^[22m[39m[31m[1m^[22m[39m[31m[1m^[22m[39m[31m[1m^[22m[39m[31m[1m^[22m[39m[31m[1m^[22m[39m[31m[1m^[22m[39m[31m[1m^[22m[39m[31m[1m^[22m[39m[31m[1m^[22m[39m[31m[1m^[22m[39m[31m[1m^[22m[39m[31m[1m^[22m[39m[31m[1m^[22m[39m[31m[1m^[22m[39m[31m[1m^[22m[39m[31m[1m^[22m[39m[31m[1m^[22m[39m[31m[1m^[22m[39m[31m[1m^[22m[39m[31m[1m^[22m[39m[31m[1m^[22m[39m[31m[1m^[22m[39m[31m[1m^[22m[39m[31m[1m^[22m[39m[31m[1m^[22m[39m[31m[1m^[22m[39m[31m[1m^[22m[39m[31m[1m^[22m[39m[31m[1m^[22m[39m[31m[1m^[22m[39m[31m[1m^[22m[39m[31m[1m^[22m[39m[31m[1m^[22m[39m[31m[1m^[22m[39m[0m
[0m [90m 3 |[39m [36mimport[39m { [33mButton[39m } [36mfrom[39m [32m"@/components/ui/button"[39m[0m
[0m [90m 4 |[39m[0m
[0m [90m 5 |[39m [36mexport[39m [36mdefault[39m [36mfunction[39m [33mHome[39m() {[0m



https://nextjs.org/docs/messages/module-not-found


 тип ./app/page.tsx:2:1
Module not found: Can't resolve 'lucide-react'
[0m [90m 1 |[39m [36mimport[39m [33mLink[39m [36mfrom[39m [32m"next/link"[39m[0m
[0m[31m[1m>[22m[39m[90m 2 |[39m [36mimport[39m { [33mArrowRight[39m } [36mfrom[39m [32m'lucide-react'[39m[0m
[0m [90m   |[39m [31m[1m^[22m[39m[31m[1m^[22m[39m[31m[1m^[22m[39m[31m[1m^[22m[39m[31m[1m^[22m[39m[31m[1m^[22m[39m[31m[1m^[22m[39m[31m[1m^[22m[39m[31m[1m^[22m[39m[31m[1m^[22m[39m[31m[1m^[22m[39m[31m[1m^[22m[39m[31m[1m^[22m[39m[31m[1m^[22m[39m[31m[1m^[22m[39m[31m[1m^[22m[39m[31m[1m^[22m[39m[31m[1m^[22m[39m[31m[1m^[22m[39m[31m[1m^[22m[39m[31m[1m^[22m[39m[31m[1m^[22m[39m[31m[1m^[22m[39m[31m[1m^[22m[39m[31m[1m^[22m[39m[31m[1m^[22m[39m[31m[1m^[22m[39m[31m[1m^[22m[39m[31m[1m^[22m[39m[31m[1m^[22m[39m[31m[1m^[22m[39m[31m[1m^[22m[39m[31m[1m^[22m[39m[31m[1m^[22m[39m[31m[1m^[22m[39m[31m[1m^[22m[39m[31m[1m^[22m[39m[31m[1m^[22m[39m[31m[1m^[22m[39m[31m[1m^[22m[39m[31m[1m^[22m[39m[0m
[0m [90m 3 |[39m [36mimport[39m { [33mButton[39m } [36mfrom[39m [32m"@/components/ui/button"[39m[0m
[0m [90m 4 |[39m[0m
[0m [90m 5 |[39m [36mexport[39m [36mdefault[39m [36mfunction[39m [33mHome[39m() {[0m



https://nextjs.org/docs/messages/module-not-found


 тип ./tailwind.config.js:76:11
Module not found: Can't resolve 'tailwindcss-animate'
[0m [90m 74 |[39m   }[33m,[39m[0m
[0m [90m 75 |[39m }[33m,[39m[0m
[0m[31m[1m>[22m[39m[90m 76 |[39m plugins[33m:[39m [require([32m"tailwindcss-animate"[39m)][33m,[39m[0m
[0m [90m    |[39m           [31m[1m^[22m[39m[31m[1m^[22m[39m[31m[1m^[22m[39m[31m[1m^[22m[39m[31m[1m^[22m[39m[31m[1m^[22m[39m[31m[1m^[22m[39m[31m[1m^[22m[39m[31m[1m^[22m[39m[31m[1m^[22m[39m[31m[1m^[22m[39m[31m[1m^[22m[39m[31m[1m^[22m[39m[31m[1m^[22m[39m[31m[1m^[22m[39m[31m[1m^[22m[39m[31m[1m^[22m[39m[31m[1m^[22m[39m[31m[1m^[22m[39m[31m[1m^[22m[39m[31m[1m^[22m[39m[31m[1m^[22m[39m[31m[1m^[22m[39m[31m[1m^[22m[39m[31m[1m^[22m[39m[31m[1m^[22m[39m[31m[1m^[22m[39m[31m[1m^[22m[39m[31m[1m^[22m[39m[31m[1m^[22m[39m[0m
[0m [90m 77 |[39m }[0m
[0m [90m 78 |[39m[0m



https://nextjs.org/docs/messages/module-not-found


 тип ./app/page.tsx:3:1
Module not found: Can't resolve '@/components/ui/button'
[0m [90m 1 |[39m [36mimport[39m [33mLink[39m [36mfrom[39m [32m"next/link"[39m[0m
[0m [90m 2 |[39m [36mimport[39m { [33mArrowRight[39m } [36mfrom[39m [32m'lucide-react'[39m[0m
[0m[31m[1m>[22m[39m[90m 3 |[39m [36mimport[39m { [33mButton[39m } [36mfrom[39m [32m"@/components/ui/button"[39m[0m
[0m [90m   |[39m [31m[1m^[22m[39m[31m[1m^[22m[39m[31m[1m^[22m[39m[31m[1m^[22m[39m[31m[1m^[22m[39m[31m[1m^[22m[39m[31m[1m^[22m[39m[31m[1m^[22m[39m[31m[1m^[22m[39m[31m[1m^[22m[39m[31m[1m^[22m[39m[31m[1m^[22m[39m[31m[1m^[22m[39m[31m[1m^[22m[39m[31m[1m^[22m[39m[31m[1m^[22m[39m[31m[1m^[22m[39m[31m[1m^[22m[39m[31m[1m^[22m[39m[31m[1m^[22m[39m[31m[1m^[22m[39m[31m[1m^[22m[39m[31m[1m^[22m[39m[31m[1m^[22m[39m[31m[1m^[22m[39m[31m[1m^[22m[39m[31m[1m^[22m[39m[31m[1m^[22m[39m[31m[1m^[22m[39m[31m[1m^[22m[39m[31m[1m^[22m[39m[31m[1m^[22m[39m[31m[1m^[22m[39m[31m[1m^[22m[39m[31m[1m^[22m[39m[31m[1m^[22m[39m[31m[1m^[22m[39m[31m[1m^[22m[39m[31m[1m^[22m[39m[31m[1m^[22m[39m[31m[1m^[22m[39m[31m[1m^[22m[39m[31m[1m^[22m[39m[31m[1m^[22m[39m[31m[1m^[22m[39m[31m[1m^[22m[39m[31m[1m^[22m[39m[0m
[0m [90m 4 |[39m[0m
[0m [90m 5 |[39m [36mexport[39m [36mdefault[39m [36mfunction[39m [33mHome[39m() {[0m
[0m [90m 6 |[39m [36mreturn[39m ([0m

Import map: aliased to relative './components/ui/button' inside of [project]/


https://nextjs.org/docs/messages/module-not-found


 тип ./app/page.tsx:3:1
Module not found: Can't resolve '@/components/ui/button'
[0m [90m 1 |[39m [36mimport[39m [33mLink[39m [36mfrom[39m [32m"next/link"[39m[0m
[0m [90m 2 |[39m [36mimport[39m { [33mArrowRight[39m } [36mfrom[39m [32m'lucide-react'[39m[0m
[0m[31m[1m>[22m[39m[90m 3 |[39m [36mimport[39m { [33mButton[39m } [36mfrom[39m [32m"@/components/ui/button"[39m[0m
[0m [90m   |[39m [31m[1m^[22m[39m[31m[1m^[22m[39m[31m[1m^[22m[39m[31m[1m^[22m[39m[31m[1m^[22m[39m[31m[1m^[22m[39m[31m[1m^[22m[39m[31m[1m^[22m[39m[31m[1m^[22m[39m[31m[1m^[22m[39m[31m[1m^[22m[39m[31m[1m^[22m[39m[31m[1m^[22m[39m[31m[1m^[22m[39m[31m[1m^[22m[39m[31m[1m^[22m[39m[31m[1m^[22m[39m[31m[1m^[22m[39m[31m[1m^[22m[39m[31m[1m^[22m[39m[31m[1m^[22m[39m[31m[1m^[22m[39m[31m[1m^[22m[39m[31m[1m^[22m[39m[31m[1m^[22m[39m[31m[1m^[22m[39m[31m[1m^[22m[39m[31m[1m^[22m[39m[31m[1m^[22m[39m[31m[1m^[22m[39m[31m[1m^[22m[39m[31m[1m^[22m[39m[31m[1m^[22m[39m[31m[1m^[22m[39m[31m[1m^[22m[39m[31m[1m^[22m[39m[31m[1m^[22m[39m[31m[1m^[22m[39m[31m[1m^[22m[39m[31m[1m^[22m[39m[31m[1m^[22m[39m[31m[1m^[22m[39m[31m[1m^[22m[39m[31m[1m^[22m[39m[31m[1m^[22m[39m[31m[1m^[22m[39m[31m[1m^[22m[39m[0m
[0m [90m 4 |[39m[0m
[0m [90m 5 |[39m [36mexport[39m [36mdefault[39m [36mfunction[39m [33mHome[39m() {[0m
[0m [90m 6 |[39m [36mreturn[39m ([0m

Import map: aliased to relative './components/ui/button' inside of [project]/


https://nextjs.org/docs/messages/module-not-found


 тип ./app/page.tsx:2:1
Module not found: Can't resolve 'lucide-react'
[0m [90m 1 |[39m [36mimport[39m [33mLink[39m [36mfrom[39m [32m"next/link"[39m[0m
[0m[31m[1m>[22m[39m[90m 2 |[39m [36mimport[39m { [33mArrowRight[39m } [36mfrom[39m [32m'lucide-react'[39m[0m
[0m [90m   |[39m [31m[1m^[22m[39m[31m[1m^[22m[39m[31m[1m^[22m[39m[31m[1m^[22m[39m[31m[1m^[22m[39m[31m[1m^[22m[39m[31m[1m^[22m[39m[31m[1m^[22m[39m[31m[1m^[22m[39m[31m[1m^[22m[39m[31m[1m^[22m[39m[31m[1m^[22m[39m[31m[1m^[22m[39m[31m[1m^[22m[39m[31m[1m^[22m[39m[31m[1m^[22m[39m[31m[1m^[22m[39m[31m[1m^[22m[39m[31m[1m^[22m[39m[31m[1m^[22m[39m[31m[1m^[22m[39m[31m[1m^[22m[39m[31m[1m^[22m[39m[31m[1m^[22m[39m[31m[1m^[22m[39m[31m[1m^[22m[39m[31m[1m^[22m[39m[31m[1m^[22m[39m[31m[1m^[22m[39m[31m[1m^[22m[39m[31m[1m^[22m[39m[31m[1m^[22m[39m[31m[1m^[22m[39m[31m[1m^[22m[39m[31m[1m^[22m[39m[31m[1m^[22m[39m[31m[1m^[22m[39m[31m[1m^[22m[39m[31m[1m^[22m[39m[31m[1m^[22m[39m[31m[1m^[22m[39m[0m
[0m [90m 3 |[39m [36mimport[39m { [33mButton[39m } [36mfrom[39m [32m"@/components/ui/button"[39m[0m
[0m [90m 4 |[39m[0m
[0m [90m 5 |[39m [36mexport[39m [36mdefault[39m [36mfunction[39m [33mHome[39m() {[0m



https://nextjs.org/docs/messages/module-not-found


 тип ./app/page.tsx:2:1
Module not found: Can't resolve 'lucide-react'
[0m [90m 1 |[39m [36mimport[39m [33mLink[39m [36mfrom[39m [32m"next/link"[39m[0m
[0m[31m[1m>[22m[39m[90m 2 |[39m [36mimport[39m { [33mArrowRight[39m } [36mfrom[39m [32m'lucide-react'[39m[0m
[0m [90m   |[39m [31m[1m^[22m[39m[31m[1m^[22m[39m[31m[1m^[22m[39m[31m[1m^[22m[39m[31m[1m^[22m[39m[31m[1m^[22m[39m[31m[1m^[22m[39m[31m[1m^[22m[39m[31m[1m^[22m[39m[31m[1m^[22m[39m[31m[1m^[22m[39m[31m[1m^[22m[39m[31m[1m^[22m[39m[31m[1m^[22m[39m[31m[1m^[22m[39m[31m[1m^[22m[39m[31m[1m^[22m[39m[31m[1m^[22m[39m[31m[1m^[22m[39m[31m[1m^[22m[39m[31m[1m^[22m[39m[31m[1m^[22m[39m[31m[1m^[22m[39m[31m[1m^[22m[39m[31m[1m^[22m[39m[31m[1m^[22m[39m[31m[1m^[22m[39m[31m[1m^[22m[39m[31m[1m^[22m[39m[31m[1m^[22m[39m[31m[1m^[22m[39m[31m[1m^[22m[39m[31m[1m^[22m[39m[31m[1m^[22m[39m[31m[1m^[22m[39m[31m[1m^[22m[39m[31m[1m^[22m[39m[31m[1m^[22m[39m[31m[1m^[22m[39m[31m[1m^[22m[39m[31m[1m^[22m[39m[0m
[0m [90m 3 |[39m [36mimport[39m { [33mButton[39m } [36mfrom[39m [32m"@/components/ui/button"[39m[0m
[0m [90m 4 |[39m[0m
[0m [90m 5 |[39m [36mexport[39m [36mdefault[39m [36mfunction[39m [33mHome[39m() {[0m



https://nextjs.org/docs/messages/module-not-found


 тип ./tailwind.config.js:76:11
Module not found: Can't resolve 'tailwindcss-animate'
[0m [90m 74 |[39m   }[33m,[39m[0m
[0m [90m 75 |[39m }[33m,[39m[0m
[0m[31m[1m>[22m[39m[90m 76 |[39m plugins[33m:[39m [require([32m"tailwindcss-animate"[39m)][33m,[39m[0m
[0m [90m    |[39m           [31m[1m^[22m[39m[31m[1m^[22m[39m[31m[1m^[22m[39m[31m[1m^[22m[39m[31m[1m^[22m[39m[31m[1m^[22m[39m[31m[1m^[22m[39m[31m[1m^[22m[39m[31m[1m^[22m[39m[31m[1m^[22m[39m[31m[1m^[22m[39m[31m[1m^[22m[39m[31m[1m^[22m[39m[31m[1m^[22m[39m[31m[1m^[22m[39m[31m[1m^[22m[39m[31m[1m^[22m[39m[31m[1m^[22m[39m[31m[1m^[22m[39m[31m[1m^[22m[39m[31m[1m^[22m[39m[31m[1m^[22m[39m[31m[1m^[22m[39m[31m[1m^[22m[39m[31m[1m^[22m[39m[31m[1m^[22m[39m[31m[1m^[22m[39m[31m[1m^[22m[39m[31m[1m^[22m[39m[31m[1m^[22m[39m[0m
[0m [90m 77 |[39m }[0m
[0m [90m 78 |[39m[0m



https://nextjs.org/docs/messages/module-not-found


 тип ./app/page.tsx:3:1
Module not found: Can't resolve '@/components/ui/button'
[0m [90m 1 |[39m [36mimport[39m [33mLink[39m [36mfrom[39m [32m"next/link"[39m[0m
[0m [90m 2 |[39m [36mimport[39m { [33mArrowRight[39m } [36mfrom[39m [32m'lucide-react'[39m[0m
[0m[31m[1m>[22m[39m[90m 3 |[39m [36mimport[39m { [33mButton[39m } [36mfrom[39m [32m"@/components/ui/button"[39m[0m
[0m [90m   |[39m [31m[1m^[22m[39m[31m[1m^[22m[39m[31m[1m^[22m[39m[31m[1m^[22m[39m[31m[1m^[22m[39m[31m[1m^[22m[39m[31m[1m^[22m[39m[31m[1m^[22m[39m[31m[1m^[22m[39m[31m[1m^[22m[39m[31m[1m^[22m[39m[31m[1m^[22m[39m[31m[1m^[22m[39m[31m[1m^[22m[39m[31m[1m^[22m[39m[31m[1m^[22m[39m[31m[1m^[22m[39m[31m[1m^[22m[39m[31m[1m^[22m[39m[31m[1m^[22m[39m[31m[1m^[22m[39m[31m[1m^[22m[39m[31m[1m^[22m[39m[31m[1m^[22m[39m[31m[1m^[22m[39m[31m[1m^[22m[39m[31m[1m^[22m[39m[31m[1m^[22m[39m[31m[1m^[22m[39m[31m[1m^[22m[39m[31m[1m^[22m[39m[31m[1m^[22m[39m[31m[1m^[22m[39m[31m[1m^[22m[39m[31m[1m^[22m[39m[31m[1m^[22m[39m[31m[1m^[22m[39m[31m[1m^[22m[39m[31m[1m^[22m[39m[31m[1m^[22m[39m[31m[1m^[22m[39m[31m[1m^[22m[39m[31m[1m^[22m[39m[31m[1m^[22m[39m[31m[1m^[22m[39m[31m[1m^[22m[39m[31m[1m^[22m[39m[0m
[0m [90m 4 |[39m[0m
[0m [90m 5 |[39m [36mexport[39m [36mdefault[39m [36mfunction[39m [33mHome[39m() {[0m
[0m [90m 6 |[39m [36mreturn[39m ([0m

Import map: aliased to relative './components/ui/button' inside of [project]/


https://nextjs.org/docs/messages/module-not-found


 тип ./app/page.tsx:3:1
Module not found: Can't resolve '@/components/ui/button'
[0m [90m 1 |[39m [36mimport[39m [33mLink[39m [36mfrom[39m [32m"next/link"[39m[0m
[0m [90m 2 |[39m [36mimport[39m { [33mArrowRight[39m } [36mfrom[39m [32m'lucide-react'[39m[0m
[0m[31m[1m>[22m[39m[90m 3 |[39m [36mimport[39m { [33mButton[39m } [36mfrom[39m [32m"@/components/ui/button"[39m[0m
[0m [90m   |[39m [31m[1m^[22m[39m[31m[1m^[22m[39m[31m[1m^[22m[39m[31m[1m^[22m[39m[31m[1m^[22m[39m[31m[1m^[22m[39m[31m[1m^[22m[39m[31m[1m^[22m[39m[31m[1m^[22m[39m[31m[1m^[22m[39m[31m[1m^[22m[39m[31m[1m^[22m[39m[31m[1m^[22m[39m[31m[1m^[22m[39m[31m[1m^[22m[39m[31m[1m^[22m[39m[31m[1m^[22m[39m[31m[1m^[22m[39m[31m[1m^[22m[39m[31m[1m^[22m[39m[31m[1m^[22m[39m[31m[1m^[22m[39m[31m[1m^[22m[39m[31m[1m^[22m[39m[31m[1m^[22m[39m[31m[1m^[22m[39m[31m[1m^[22m[39m[31m[1m^[22m[39m[31m[1m^[22m[39m[31m[1m^[22m[39m[31m[1m^[22m[39m[31m[1m^[22m[39m[31m[1m^[22m[39m[31m[1m^[22m[39m[31m[1m^[22m[39m[31m[1m^[22m[39m[31m[1m^[22m[39m[31m[1m^[22m[39m[31m[1m^[22m[39m[31m[1m^[22m[39m[31m[1m^[22m[39m[31m[1m^[22m[39m[31m[1m^[22m[39m[31m[1m^[22m[39m[31m[1m^[22m[39m[31m[1m^[22m[39m[31m[1m^[22m[39m[0m
[0m [90m 4 |[39m[0m
[0m [90m 5 |[39m [36mexport[39m [36mdefault[39m [36mfunction[39m [33mHome[39m() {[0m
[0m [90m 6 |[39m [36mreturn[39m ([0m

Import map: aliased to relative './components/ui/button' inside of [project]/


https://nextjs.org/docs/messages/module-not-found


 тип ./app/page.tsx:2:1
Module not found: Can't resolve 'lucide-react'
[0m [90m 1 |[39m [36mimport[39m [33mLink[39m [36mfrom[39m [32m"next/link"[39m[0m
[0m[31m[1m>[22m[39m[90m 2 |[39m [36mimport[39m { [33mArrowRight[39m } [36mfrom[39m [32m'lucide-react'[39m[0m
[0m [90m   |[39m [31m[1m^[22m[39m[31m[1m^[22m[39m[31m[1m^[22m[39m[31m[1m^[22m[39m[31m[1m^[22m[39m[31m[1m^[22m[39m[31m[1m^[22m[39m[31m[1m^[22m[39m[31m[1m^[22m[39m[31m[1m^[22m[39m[31m[1m^[22m[39m[31m[1m^[22m[39m[31m[1m^[22m[39m[31m[1m^[22m[39m[31m[1m^[22m[39m[31m[1m^[22m[39m[31m[1m^[22m[39m[31m[1m^[22m[39m[31m[1m^[22m[39m[31m[1m^[22m[39m[31m[1m^[22m[39m[31m[1m^[22m[39m[31m[1m^[22m[39m[31m[1m^[22m[39m[31m[1m^[22m[39m[31m[1m^[22m[39m[31m[1m^[22m[39m[31m[1m^[22m[39m[31m[1m^[22m[39m[31m[1m^[22m[39m[31m[1m^[22m[39m[31m[1m^[22m[39m[31m[1m^[22m[39m[31m[1m^[22m[39m[31m[1m^[22m[39m[31m[1m^[22m[39m[31m[1m^[22m[39m[31m[1m^[22m[39m[31m[1m^[22m[39m[31m[1m^[22m[39m[31m[1m^[22m[39m[0m
[0m [90m 3 |[39m [36mimport[39m { [33mButton[39m } [36mfrom[39m [32m"@/components/ui/button"[39m[0m
[0m [90m 4 |[39m[0m
[0m [90m 5 |[39m [36mexport[39m [36mdefault[39m [36mfunction[39m [33mHome[39m() {[0m



https://nextjs.org/docs/messages/module-not-found


 тип ./app/page.tsx:2:1
Module not found: Can't resolve 'lucide-react'
[0m [90m 1 |[39m [36mimport[39m [33mLink[39m [36mfrom[39m [32m"next/link"[39m[0m
[0m[31m[1m>[22m[39m[90m 2 |[39m [36mimport[39m { [33mArrowRight[39m } [36mfrom[39m [32m'lucide-react'[39m[0m
[0m [90m   |[39m [31m[1m^[22m[39m[31m[1m^[22m[39m[31m[1m^[22m[39m[31m[1m^[22m[39m[31m[1m^[22m[39m[31m[1m^[22m[39m[31m[1m^[22m[39m[31m[1m^[22m[39m[31m[1m^[22m[39m[31m[1m^[22m[39m[31m[1m^[22m[39m[31m[1m^[22m[39m[31m[1m^[22m[39m[31m[1m^[22m[39m[31m[1m^[22m[39m[31m[1m^[22m[39m[31m[1m^[22m[39m[31m[1m^[22m[39m[31m[1m^[22m[39m[31m[1m^[22m[39m[31m[1m^[22m[39m[31m[1m^[22m[39m[31m[1m^[22m[39m[31m[1m^[22m[39m[31m[1m^[22m[39m[31m[1m^[22m[39m[31m[1m^[22m[39m[31m[1m^[22m[39m[31m[1m^[22m[39m[31m[1m^[22m[39m[31m[1m^[22m[39m[31m[1m^[22m[39m[31m[1m^[22m[39m[31m[1m^[22m[39m[31m[1m^[22m[39m[31m[1m^[22m[39m[31m[1m^[22m[39m[31m[1m^[22m[39m[31m[1m^[22m[39m[31m[1m^[22m[39m[31m[1m^[22m[39m[0m
[0m [90m 3 |[39m [36mimport[39m { [33mButton[39m } [36mfrom[39m [32m"@/components/ui/button"[39m[0m
[0m [90m 4 |[39m[0m
[0m [90m 5 |[39m [36mexport[39m [36mdefault[39m [36mfunction[39m [33mHome[39m() {[0m



https://nextjs.org/docs/messages/module-not-found


 тип ./tailwind.config.js:76:11
Module not found: Can't resolve 'tailwindcss-animate'
[0m [90m 74 |[39m   }[33m,[39m[0m
[0m [90m 75 |[39m }[33m,[39m[0m
[0m[31m[1m>[22m[39m[90m 76 |[39m plugins[33m:[39m [require([32m"tailwindcss-animate"[39m)][33m,[39m[0m
[0m [90m    |[39m           [31m[1m^[22m[39m[31m[1m^[22m[39m[31m[1m^[22m[39m[31m[1m^[22m[39m[31m[1m^[22m[39m[31m[1m^[22m[39m[31m[1m^[22m[39m[31m[1m^[22m[39m[31m[1m^[22m[39m[31m[1m^[22m[39m[31m[1m^[22m[39m[31m[1m^[22m[39m[31m[1m^[22m[39m[31m[1m^[22m[39m[31m[1m^[22m[39m[31m[1m^[22m[39m[31m[1m^[22m[39m[31m[1m^[22m[39m[31m[1m^[22m[39m[31m[1m^[22m[39m[31m[1m^[22m[39m[31m[1m^[22m[39m[31m[1m^[22m[39m[31m[1m^[22m[39m[31m[1m^[22m[39m[31m[1m^[22m[39m[31m[1m^[22m[39m[31m[1m^[22m[39m[31m[1m^[22m[39m[31m[1m^[22m[39m[0m
[0m [90m 77 |[39m }[0m
[0m [90m 78 |[39m[0m



https://nextjs.org/docs/messages/module-not-found


 тЬУ Compiled in 2.9s
[?25h
